warning: /Users/itaylevy/code/dwallet-network/Cargo.toml: unused manifest key: workspace.dependencies.class_groups.subdir
warning: /Users/itaylevy/code/dwallet-network/Cargo.toml: unused manifest key: workspace.dependencies.group.subdir
warning: /Users/itaylevy/code/dwallet-network/Cargo.toml: unused manifest key: workspace.dependencies.mpc.subdir
warning: /Users/itaylevy/code/dwallet-network/Cargo.toml: unused manifest key: workspace.dependencies.twopc_mpc.subdir
warning: /Users/itaylevy/code/dwallet-network/crates/class-groups-constants/Cargo.toml: unused manifest key: dependencies.homomorphic_encryption.subdir
warning: /Users/itaylevy/code/dwallet-network/crates/pera-core/Cargo.toml: unused manifest key: dependencies.commitment.subdir
warning: /Users/itaylevy/code/dwallet-network/crates/pera-core/Cargo.toml: unused manifest key: dependencies.homomorphic_encryption.subdir
warning: /Users/itaylevy/code/dwallet-network/crates/pera-core/Cargo.toml: unused manifest key: dependencies.maurer.subdir
warning: /Users/itaylevy/code/dwallet-network/crates/pera-core/Cargo.toml: unused manifest key: dependencies.proof.subdir
warning: /Users/itaylevy/code/dwallet-network/crates/pera-core/Cargo.toml: unused manifest key: dependencies.tiresias.subdir
warning: /Users/itaylevy/code/dwallet-network/crates/dwallet-mpc-centralized-party/Cargo.toml: unused manifest key: dependencies.commitment.subdir
warning: use of deprecated function `base64::decode`: Use Engine::decode
  --> crates/class-groups-constants/src/lib.rs:14:46
   |
14 |     let protocol_public_parameters = base64::decode(&PROTOCOL_PUBLIC_PARAMETERS).unwrap();
   |                                              ^^^^^^
   |
   = note: `#[warn(deprecated)]` on by default

warning: `class_groups_constants` (lib) generated 1 warning
warning: unused import: `twopc_mpc::sign`
  --> crates/pera-swarm-config/src/genesis_config.rs:25:5
   |
25 | use twopc_mpc::sign;
   |     ^^^^^^^^^^^^^^^
   |
   = note: `#[warn(unused_imports)]` on by default

warning: unused import: `group::PartyID`
 --> crates/pera-swarm-config/src/network_config_builder.rs:4:5
  |
4 | use group::PartyID;
  |     ^^^^^^^^^^^^^^

warning: variable does not need to be mutable
   --> crates/pera-swarm-config/src/network_config_builder.rs:314:22
    |
314 |                 let (mut decryption_key_shares, decryption_key_share_public_parameters) =
    |                      ----^^^^^^^^^^^^^^^^^^^^^
    |                      |
    |                      help: remove this `mut`
    |
    = note: `#[warn(unused_mut)]` on by default

warning: `pera-swarm-config` (lib) generated 3 warnings (run `cargo fix --lib -p pera-swarm-config` to apply 3 suggestions)
warning: use of deprecated method `tonic::transport::server::Router::<L>::into_router`: Use `Routes::into_axum_router` instead.
   --> consensus/core/src/network/tonic_network.rs:696:14
    |
696 |             .into_router();
    |              ^^^^^^^^^^^
    |
    = note: `#[warn(deprecated)]` on by default

warning: `consensus-core` (lib) generated 1 warning
warning: unused import: `crate::dwallet_mpc`
  --> crates/pera-core/src/authority/authority_per_epoch_store.rs:70:5
   |
70 | use crate::dwallet_mpc;
   |     ^^^^^^^^^^^^^^^^^^
   |
   = note: `#[warn(unused_imports)]` on by default

warning: unused import: `crate::dwallet_mpc::mpc_instance::authority_name_to_party_id`
  --> crates/pera-core/src/consensus_handler.rs:11:5
   |
11 | use crate::dwallet_mpc::mpc_instance::authority_name_to_party_id;
   |     ^^^^^^^^^^^^^^^^^^^^^^^^^^^^^^^^^^^^^^^^^^^^^^^^^^^^^^^^^^^^

warning: unused variable: `origin_authority`
   --> crates/pera-core/src/consensus_handler.rs:371:25
    |
371 |                         origin_authority,
    |                         ^^^^^^^^^^^^^^^^ help: if this is intentional, prefix it with an underscore: `_origin_authority`
    |
    = note: `#[warn(unused_variables)]` on by default

warning: unused variable: `keypair_name`
  --> crates/pera-core/src/dwallet_mpc/mpc_manager.rs:62:13
   |
62 |         let keypair_name = node_config
   |             ^^^^^^^^^^^^ help: if this is intentional, prefix it with an underscore: `_keypair_name`

warning: unused variable: `name`
  --> crates/pera-core/src/dwallet_mpc/mpc_manager.rs:68:13
   |
68 |         let name = epoch_store.name;
   |             ^^^^ help: if this is intentional, prefix it with an underscore: `_name`

warning: variable does not need to be mutable
   --> crates/pera-core/src/dwallet_mpc/mpc_manager.rs:141:18
    |
141 |         let Some(mut instance) = self.mpc_instances.get_mut(&session_info.session_id) else {
    |                  ----^^^^^^^^
    |                  |
    |                  help: remove this `mut`
    |
    = note: `#[warn(unused_mut)]` on by default

warning: struct `AssertOrdered` is never constructed
   --> crates/pera-core/src/execution_cache/cache_types.rs:105:19
    |
105 | pub(super) struct AssertOrdered<I: Iterator> {
    |                   ^^^^^^^^^^^^^
    |
    = note: `#[warn(dead_code)]` on by default

warning: associated function `new` is never used
   --> crates/pera-core/src/execution_cache/cache_types.rs:111:8
    |
110 | impl<I: Iterator> AssertOrdered<I> {
    | ---------------------------------- associated function in this implementation
111 |     fn new(iter: I) -> Self {
    |        ^^^

warning: field `decryption_share` is never read
  --> crates/pera-core/src/dwallet_mpc/mpc_instance.rs:46:5
   |
30 | pub struct DWalletMPCInstance {
   |            ------------------ field in this struct
...
46 |     decryption_share: DecryptionKeyShare,
   |     ^^^^^^^^^^^^^^^^

warning: `pera-core` (lib) generated 9 warnings (run `cargo fix --lib -p pera-core` to apply 3 suggestions)
warning: unused imports: `Signer` and `VerifyingKey`
  --> crates/pera-node/src/lib.rs:12:26
   |
12 | use fastcrypto::traits::{Signer, VerifyingKey};
   |                          ^^^^^^  ^^^^^^^^^^^^
   |
   = note: `#[warn(unused_imports)]` on by default

warning: `pera-node` (lib) generated 1 warning (run `cargo fix --lib -p pera-node` to apply 1 suggestion)
warning: unused import: `warn`
  --> crates/pera/src/pera_commands.rs:56:28
   |
56 | use tracing::{error, info, warn};
   |                            ^^^^
   |
   = note: `#[warn(unused_imports)]` on by default

warning: `pera` (lib) generated 1 warning (run `cargo fix --lib -p pera` to apply 1 suggestion)
    Finished `dev` profile [unoptimized + debuginfo] target(s) in 0.60s
     Running `target/debug/pera start --with-faucet --force-regenesis --epoch-duration-ms 1000000000000`
2024-11-25T11:09:01.812970Z  INFO pera_node: Initializing pera-node listening on /ip4/127.0.0.1/tcp/53450/http node=k#addeef94d898c88e40dbdeff91c5f105f9cf2c747fb6f2bc37ec03d6c91edb2e1a578cf544be8b0931e25f243d59b0c30d98a16ce3ba1d6cf1d7f50426992eb0adb3134b055be8140d2db5f25fb00d83f8e4222bf01fd6ac93a1ff4d79da58f2
2024-11-25T11:09:01.812974Z  INFO pera_node: Initializing pera-node listening on /ip4/127.0.0.1/tcp/53436/http node=k#8dcff6d155040a656f4819b13111b52c5746a86ba72f395fbafe2ec3847d1e8140e624a751fdf6b5f2050bc7205cf9d30004c90b0c740affd326ce673cc2b23a2d24d53e2afeb286dfc668fd4060089d6d2b17b799dd36f90d332e54a7a338d4
2024-11-25T11:09:01.812970Z  INFO pera_node: Initializing pera-node listening on /ip4/127.0.0.1/tcp/53422/http node=k#99f25ef61f8032b914636460982c5cc6f134ef1ddae76657f2cbfec1ebfc8d097374080df6fcf0dcb8bc4b0d8e0af5d80ebbff2b4c599f54f42d6312dfc314276078c1cc347ebbbec5198be258513f386b930d02c2749a803e2330955ebd1a10
2024-11-25T11:09:01.812970Z  INFO pera_node: Initializing pera-node listening on /ip4/127.0.0.1/tcp/53464/http node=k#b3fd5efb5c872403a4ad13f1199513606d23354a845249aea157564c23ff3c15c6c9e652b72d740e8cacb93cbcc0686b0ec0cc0c1c760bfb42b436519fc5a8054b76533a97a9f23987d097ef96b1f2526bb2073fa10a7719941772347ef274f4
2024-11-25T11:09:01.812974Z  INFO pera_node: populating config.supported_protocol_versions with default SupportedProtocolVersions { min: ProtocolVersion(1), max: ProtocolVersion(56) }
2024-11-25T11:09:01.813918Z  INFO pera_node: Initializing pera-node listening on /ip4/127.0.0.1/tcp/53534/http node=k#982e166c31be8b48946debd9f4791d749f31304478f89fb57cd72c1b9e456a5a6925cd8944c3fa07a082ecb03a53fe010c1083a9fbe249df0c896fb18fe59393dfd156a14ee28a184dcd730918b379c728beac4a3c344befb4923baf616039b3
2024-11-25T11:09:03.437773Z  INFO pera_node: created epoch store
2024-11-25T11:09:03.437773Z  INFO pera_node: created epoch store
2024-11-25T11:09:03.437773Z  INFO pera_node: created epoch store
2024-11-25T11:09:03.437773Z  INFO pera_node: created epoch store
2024-11-25T11:09:03.437777Z  INFO pera_node: created epoch store
2024-11-25T11:09:03.437823Z  INFO pera_node: checking PERA conservation at genesis
2024-11-25T11:09:03.437823Z  INFO pera_node: checking PERA conservation at genesis
2024-11-25T11:09:03.437824Z  INFO pera_node: checking PERA conservation at genesis
2024-11-25T11:09:03.437825Z  INFO pera_node: checking PERA conservation at genesis
2024-11-25T11:09:03.437825Z  INFO pera_node: checking PERA conservation at genesis
2024-11-25T11:09:04.451859Z  INFO pera_node: creating checkpoint store
2024-11-25T11:09:04.454711Z  INFO pera_node: creating checkpoint store
2024-11-25T11:09:04.458468Z  INFO pera_node: creating checkpoint store
2024-11-25T11:09:04.461163Z  INFO pera_node: creating checkpoint store
2024-11-25T11:09:04.472948Z  INFO pera_node: creating checkpoint store
2024-11-25T11:09:04.519761Z  INFO pera_node: creating state sync store
2024-11-25T11:09:04.519760Z  INFO pera_node: creating state sync store
2024-11-25T11:09:04.523537Z  INFO pera_node: creating state sync store
2024-11-25T11:09:04.525456Z  INFO pera_node: creating archive reader
2024-11-25T11:09:04.525463Z  INFO pera_node: creating archive reader
2024-11-25T11:09:04.525475Z  INFO pera_node: creating state sync store
2024-11-25T11:09:04.525485Z  INFO pera_node: creating index store
2024-11-25T11:09:04.529247Z  INFO pera_node: creating archive reader
2024-11-25T11:09:04.536937Z  INFO pera_node: creating state sync store
2024-11-25T11:09:04.542590Z  INFO pera_node: creating archive reader
2024-11-25T11:09:04.544786Z  INFO pera_node: P2p network started on 127.0.0.1:53452 server_name="pera-30710b70"
2024-11-25T11:09:04.544786Z  INFO pera_node: P2p network started on 127.0.0.1:53466 server_name="pera-30710b70"
2024-11-25T11:09:04.544790Z  INFO pera_node: P2p network started on 127.0.0.1:53438 server_name="pera-30710b70"
2024-11-25T11:09:04.544790Z  INFO pera_node: P2p network started on 127.0.0.1:53424 server_name="pera-30710b70"
2024-11-25T11:09:04.545863Z  INFO pera_node: start state archival
2024-11-25T11:09:04.545863Z  INFO pera_node: start state archival
2024-11-25T11:09:04.545863Z  INFO pera_node: start state archival
2024-11-25T11:09:04.545864Z  INFO pera_node: start state archival
2024-11-25T11:09:04.545912Z  INFO pera_node: start snapshot upload
2024-11-25T11:09:04.545913Z  INFO pera_node: start snapshot upload
2024-11-25T11:09:04.545918Z  INFO pera_node: start db checkpoint
2024-11-25T11:09:04.545920Z  INFO pera_node: start snapshot upload
2024-11-25T11:09:04.545923Z  INFO pera_node: start snapshot upload
2024-11-25T11:09:04.545924Z  INFO pera_node: start db checkpoint
2024-11-25T11:09:04.545926Z  INFO pera_node: start db checkpoint
2024-11-25T11:09:04.545938Z  INFO pera_node: start db checkpoint
2024-11-25T11:09:04.546262Z  INFO pera_node: create authority state
2024-11-25T11:09:04.546263Z  INFO pera_node: create authority state
2024-11-25T11:09:04.546263Z  INFO pera_node: create authority state
2024-11-25T11:09:04.546343Z  INFO pera_node: create authority state
2024-11-25T11:09:04.605660Z  INFO pera_node: Listening to traffic on /ip4/127.0.0.1/tcp/53422/http
2024-11-25T11:09:04.605660Z  INFO pera_node: Listening to traffic on /ip4/127.0.0.1/tcp/53436/http
2024-11-25T11:09:04.605660Z  INFO pera_node: Listening to traffic on /ip4/127.0.0.1/tcp/53464/http
2024-11-25T11:09:04.605660Z  INFO pera_node: Listening to traffic on /ip4/127.0.0.1/tcp/53450/http
2024-11-25T11:09:04.666981Z  INFO pera_node: Starting JWK updater tasks with supported providers: [Apple, AwsTenant(("us-east-1", "us-east-1_LPSLCkC3A")), AwsTenant(("us-east-1", "us-east-1_qPsZxYqd8")), Credenza3, Facebook, Google, Kakao, KarrierOne, Microsoft, Slack, TestIssuer, Twitch] fetch_interval=3600s
2024-11-25T11:09:04.667116Z  INFO pera_node: Starting JWK updater tasks with supported providers: [Apple, AwsTenant(("us-east-1", "us-east-1_LPSLCkC3A")), AwsTenant(("us-east-1", "us-east-1_qPsZxYqd8")), Credenza3, Facebook, Google, Kakao, KarrierOne, Microsoft, Slack, TestIssuer, Twitch] fetch_interval=3600s
2024-11-25T11:09:04.666981Z  INFO pera_node: Starting JWK updater tasks with supported providers: [Apple, AwsTenant(("us-east-1", "us-east-1_LPSLCkC3A")), AwsTenant(("us-east-1", "us-east-1_qPsZxYqd8")), Credenza3, Facebook, Google, Kakao, KarrierOne, Microsoft, Slack, TestIssuer, Twitch] fetch_interval=3600s
2024-11-25T11:09:04.666981Z  INFO pera_node: Starting JWK updater tasks with supported providers: [Apple, AwsTenant(("us-east-1", "us-east-1_LPSLCkC3A")), AwsTenant(("us-east-1", "us-east-1_qPsZxYqd8")), Credenza3, Facebook, Google, Kakao, KarrierOne, Microsoft, Slack, TestIssuer, Twitch] fetch_interval=3600s
2024-11-25T11:09:04.668032Z  INFO pera_node: PeraNode started!
2024-11-25T11:09:04.668032Z  INFO pera_node: PeraNode started!
2024-11-25T11:09:04.668032Z  INFO pera_node: PeraNode started!
2024-11-25T11:09:04.668034Z  INFO pera_node: PeraNode started!
2024-11-25T11:09:04.695273Z  INFO jwk_updater_task{epoch=0}: pera_node: fetching JWK for provider Apple
2024-11-25T11:09:04.695273Z  INFO jwk_updater_task{epoch=0}: pera_node: fetching JWK for provider Apple
2024-11-25T11:09:04.695273Z  INFO jwk_updater_task{epoch=0}: pera_node: fetching JWK for provider Apple
2024-11-25T11:09:04.695452Z  INFO jwk_updater_task{epoch=0}: pera_node: fetching JWK for provider Apple
2024-11-25T11:09:04.806895Z  INFO pera_node: creating archive reader
2024-11-25T11:09:04.808855Z  INFO pera_node: P2p network started on 127.0.0.1:53536 server_name="pera-30710b70"
2024-11-25T11:09:04.808915Z  INFO pera_node: start state archival
2024-11-25T11:09:04.808927Z  INFO pera_node: start snapshot upload
2024-11-25T11:09:04.808931Z  INFO pera_node: start db checkpoint
2024-11-25T11:09:04.809009Z  INFO pera_node: create authority state
2024-11-25T11:09:04.859738Z  INFO jwk_updater_task{epoch=0}: pera_node: fetching JWK for provider AwsTenant(("us-east-1", "us-east-1_LPSLCkC3A"))
2024-11-25T11:09:04.899208Z  INFO jwk_updater_task{epoch=0}: pera_node: fetching JWK for provider AwsTenant(("us-east-1", "us-east-1_LPSLCkC3A"))
2024-11-25T11:09:04.942040Z  INFO jwk_updater_task{epoch=0}: pera_node: fetching JWK for provider AwsTenant(("us-east-1", "us-east-1_LPSLCkC3A"))
2024-11-25T11:09:04.982616Z  INFO jwk_updater_task{epoch=0}: pera_node: fetching JWK for provider AwsTenant(("us-east-1", "us-east-1_LPSLCkC3A"))
2024-11-25T11:09:05.031264Z  INFO jwk_updater_task{epoch=0}: pera_node: fetching JWK for provider AwsTenant(("us-east-1", "us-east-1_qPsZxYqd8"))
2024-11-25T11:09:05.073812Z  INFO jwk_updater_task{epoch=0}: pera_node: fetching JWK for provider AwsTenant(("us-east-1", "us-east-1_qPsZxYqd8"))
2024-11-25T11:09:05.096542Z  INFO pera_node: no http kv store url provided, using local db only
2024-11-25T11:09:05.125769Z  INFO jwk_updater_task{epoch=0}: pera_node: fetching JWK for provider AwsTenant(("us-east-1", "us-east-1_qPsZxYqd8"))
2024-11-25T11:09:05.134730Z  INFO pera_node: Pera JSON-RPC server listening on 0.0.0.0:9000 local_addr=0.0.0.0:9000
2024-11-25T11:09:05.135363Z  INFO pera_node: PeraNode started!
2024-11-25T11:09:05.164956Z  INFO jwk_updater_task{epoch=0}: pera_node: fetching JWK for provider AwsTenant(("us-east-1", "us-east-1_qPsZxYqd8"))
2024-11-25T11:09:05.216085Z  INFO jwk_updater_task{epoch=0}: pera_node: fetching JWK for provider Credenza3
2024-11-25T11:09:05.257863Z  INFO jwk_updater_task{epoch=0}: pera_node: fetching JWK for provider Credenza3
2024-11-25T11:09:05.313351Z  INFO jwk_updater_task{epoch=0}: pera_node: fetching JWK for provider Credenza3
2024-11-25T11:09:05.354176Z  INFO jwk_updater_task{epoch=0}: pera_node: fetching JWK for provider Credenza3
2024-11-25T11:09:05.402203Z  INFO jwk_updater_task{epoch=0}: pera_node: fetching JWK for provider Facebook
2024-11-25T11:09:05.442212Z  INFO jwk_updater_task{epoch=0}: pera_node: fetching JWK for provider Facebook
2024-11-25T11:09:05.490790Z  INFO jwk_updater_task{epoch=0}: pera_node: fetching JWK for provider Facebook
2024-11-25T11:09:05.531302Z  INFO jwk_updater_task{epoch=0}: pera_node: fetching JWK for provider Facebook
2024-11-25T11:09:05.580377Z  INFO jwk_updater_task{epoch=0}: pera_node: fetching JWK for provider Google
2024-11-25T11:09:05.620011Z  INFO jwk_updater_task{epoch=0}: pera_node: fetching JWK for provider Google
2024-11-25T11:09:05.667761Z  INFO jwk_updater_task{epoch=0}: pera_node: fetching JWK for provider Google
2024-11-25T11:09:05.707810Z  INFO jwk_updater_task{epoch=0}: pera_node: fetching JWK for provider Google
2024-11-25T11:09:05.755192Z  INFO jwk_updater_task{epoch=0}: pera_node: fetching JWK for provider Kakao
2024-11-25T11:09:05.794407Z  INFO jwk_updater_task{epoch=0}: pera_node: fetching JWK for provider Kakao
2024-11-25T11:09:05.845161Z  INFO jwk_updater_task{epoch=0}: pera_node: fetching JWK for provider Kakao
2024-11-25T11:09:05.885652Z  INFO jwk_updater_task{epoch=0}: pera_node: fetching JWK for provider Kakao
2024-11-25T11:09:05.933289Z  INFO jwk_updater_task{epoch=0}: pera_node: fetching JWK for provider KarrierOne
2024-11-25T11:09:05.973259Z  INFO jwk_updater_task{epoch=0}: pera_node: fetching JWK for provider KarrierOne
2024-11-25T11:09:06.021821Z  INFO jwk_updater_task{epoch=0}: pera_node: fetching JWK for provider KarrierOne
2024-11-25T11:09:06.060856Z  INFO jwk_updater_task{epoch=0}: pera_node: fetching JWK for provider KarrierOne
2024-11-25T11:09:06.109987Z  INFO jwk_updater_task{epoch=0}: pera_node: fetching JWK for provider Microsoft
2024-11-25T11:09:06.148800Z  INFO jwk_updater_task{epoch=0}: pera_node: fetching JWK for provider Microsoft
2024-11-25T11:09:06.197319Z  INFO jwk_updater_task{epoch=0}: pera_node: fetching JWK for provider Microsoft
2024-11-25T11:09:06.239886Z  INFO jwk_updater_task{epoch=0}: pera_node: fetching JWK for provider Microsoft
2024-11-25T11:09:06.287926Z  INFO jwk_updater_task{epoch=0}: pera_node: fetching JWK for provider Slack
2024-11-25T11:09:06.326804Z  INFO jwk_updater_task{epoch=0}: pera_node: fetching JWK for provider Slack
2024-11-25T11:09:06.377994Z  INFO jwk_updater_task{epoch=0}: pera_node: fetching JWK for provider Slack
2024-11-25T11:09:06.416996Z  INFO jwk_updater_task{epoch=0}: pera_node: fetching JWK for provider Slack
2024-11-25T11:09:06.465634Z  INFO jwk_updater_task{epoch=0}: pera_node: fetching JWK for provider TestIssuer
2024-11-25T11:09:06.504497Z  INFO jwk_updater_task{epoch=0}: pera_node: fetching JWK for provider TestIssuer
2024-11-25T11:09:06.552191Z  INFO jwk_updater_task{epoch=0}: pera_node: fetching JWK for provider TestIssuer
2024-11-25T11:09:06.591779Z  INFO jwk_updater_task{epoch=0}: pera_node: fetching JWK for provider TestIssuer
2024-11-25T11:09:06.640542Z  INFO jwk_updater_task{epoch=0}: pera_node: fetching JWK for provider Twitch
2024-11-25T11:09:06.680270Z  INFO jwk_updater_task{epoch=0}: pera_node: fetching JWK for provider Twitch
2024-11-25T11:09:06.729886Z  INFO jwk_updater_task{epoch=0}: pera_node: fetching JWK for provider Twitch
2024-11-25T11:09:06.768737Z  INFO jwk_updater_task{epoch=0}: pera_node: fetching JWK for provider Twitch
2024-11-25T11:09:06.934842Z  INFO pera_node: submitting capabilities to consensus transaction=ConsensusTransaction { tracking_id: [247, 150, 238, 252, 217, 162, 106, 169], kind: CapabilityNotificationV2(AuthorityCapabilities { authority: k#99f25ef6.., generation: 1732532946933, supported_protocol_versions: SupportedProtocolVersionsWithHashes { versions: [(ProtocolVersion(56), J8nqSUCqS2BjfD3nWbZLg7iUcYjMNY51ZihDjKoDpBSA)] }, available_system_packages: [(0x0000000000000000000000000000000000000000000000000000000000000001, SequenceNumber(1), o#pqqqFARUGpwp8nqYAhd9XNhaN4yFxwVPAc4MNVRTdLx), (0x0000000000000000000000000000000000000000000000000000000000000002, SequenceNumber(2), o#E2Ujp42dQVMpdgCw1saimdd1yNmARr6QqszqSKGn9evs), (0x0000000000000000000000000000000000000000000000000000000000000003, SequenceNumber(2), o#Eu4684neuXfPv5Akp373SgEje48gLekdJLUDN4oJhYnB), (0x000000000000000000000000000000000000000000000000000000000000dee9, SequenceNumber(2), o#G1WWUi2cRjhSMHxW1U5C9D9av2qjeZvfg9MTDmuLeVfT), (0x000000000000000000000000000000000000000000000000000000000000000b, SequenceNumber(2), o#DLb4EHKhzPoN6KZ6yqmYmCDdFTtDz37GEWPuWBpHku2s)] }) }
2024-11-25T11:09:06.966232Z  INFO pera_node: submitting capabilities to consensus transaction=ConsensusTransaction { tracking_id: [112, 115, 96, 126, 142, 103, 122, 138], kind: CapabilityNotificationV2(AuthorityCapabilities { authority: k#b3fd5efb.., generation: 1732532946966, supported_protocol_versions: SupportedProtocolVersionsWithHashes { versions: [(ProtocolVersion(56), J8nqSUCqS2BjfD3nWbZLg7iUcYjMNY51ZihDjKoDpBSA)] }, available_system_packages: [(0x0000000000000000000000000000000000000000000000000000000000000001, SequenceNumber(1), o#pqqqFARUGpwp8nqYAhd9XNhaN4yFxwVPAc4MNVRTdLx), (0x0000000000000000000000000000000000000000000000000000000000000002, SequenceNumber(2), o#E2Ujp42dQVMpdgCw1saimdd1yNmARr6QqszqSKGn9evs), (0x0000000000000000000000000000000000000000000000000000000000000003, SequenceNumber(2), o#Eu4684neuXfPv5Akp373SgEje48gLekdJLUDN4oJhYnB), (0x000000000000000000000000000000000000000000000000000000000000dee9, SequenceNumber(2), o#G1WWUi2cRjhSMHxW1U5C9D9av2qjeZvfg9MTDmuLeVfT), (0x000000000000000000000000000000000000000000000000000000000000000b, SequenceNumber(2), o#DLb4EHKhzPoN6KZ6yqmYmCDdFTtDz37GEWPuWBpHku2s)] }) }
2024-11-25T11:09:07.016803Z  INFO pera_node: submitting capabilities to consensus transaction=ConsensusTransaction { tracking_id: [205, 28, 128, 71, 94, 86, 23, 74], kind: CapabilityNotificationV2(AuthorityCapabilities { authority: k#addeef94.., generation: 1732532947016, supported_protocol_versions: SupportedProtocolVersionsWithHashes { versions: [(ProtocolVersion(56), J8nqSUCqS2BjfD3nWbZLg7iUcYjMNY51ZihDjKoDpBSA)] }, available_system_packages: [(0x0000000000000000000000000000000000000000000000000000000000000001, SequenceNumber(1), o#pqqqFARUGpwp8nqYAhd9XNhaN4yFxwVPAc4MNVRTdLx), (0x0000000000000000000000000000000000000000000000000000000000000002, SequenceNumber(2), o#E2Ujp42dQVMpdgCw1saimdd1yNmARr6QqszqSKGn9evs), (0x0000000000000000000000000000000000000000000000000000000000000003, SequenceNumber(2), o#Eu4684neuXfPv5Akp373SgEje48gLekdJLUDN4oJhYnB), (0x000000000000000000000000000000000000000000000000000000000000dee9, SequenceNumber(2), o#G1WWUi2cRjhSMHxW1U5C9D9av2qjeZvfg9MTDmuLeVfT), (0x000000000000000000000000000000000000000000000000000000000000000b, SequenceNumber(2), o#DLb4EHKhzPoN6KZ6yqmYmCDdFTtDz37GEWPuWBpHku2s)] }) }
2024-11-25T11:09:07.025202Z  INFO jwk_updater_task{epoch=0}: pera_node: Submitting JWK to consensus: JwkId { iss: "https://accounts.google.com", kid: "d9740a70b0972dccf75fa88bc529bd16a30573bd" }
2024-11-25T11:09:07.025304Z  INFO jwk_updater_task{epoch=0}: pera_node: Submitting JWK to consensus: JwkId { iss: "https://accounts.google.com", kid: "3628258601113e6576a45337365fe8b8973d1671" }
2024-11-25T11:09:07.054101Z  INFO jwk_updater_task{epoch=0}: pera_node: Submitting JWK to consensus: JwkId { iss: "https://accounts.google.com", kid: "d9740a70b0972dccf75fa88bc529bd16a30573bd" }
2024-11-25T11:09:07.054183Z  INFO jwk_updater_task{epoch=0}: pera_node: Submitting JWK to consensus: JwkId { iss: "https://accounts.google.com", kid: "3628258601113e6576a45337365fe8b8973d1671" }
2024-11-25T11:09:07.055317Z  INFO pera_node: submitting capabilities to consensus transaction=ConsensusTransaction { tracking_id: [81, 41, 154, 13, 130, 140, 234, 133], kind: CapabilityNotificationV2(AuthorityCapabilities { authority: k#8dcff6d1.., generation: 1732532947055, supported_protocol_versions: SupportedProtocolVersionsWithHashes { versions: [(ProtocolVersion(56), J8nqSUCqS2BjfD3nWbZLg7iUcYjMNY51ZihDjKoDpBSA)] }, available_system_packages: [(0x0000000000000000000000000000000000000000000000000000000000000001, SequenceNumber(1), o#pqqqFARUGpwp8nqYAhd9XNhaN4yFxwVPAc4MNVRTdLx), (0x0000000000000000000000000000000000000000000000000000000000000002, SequenceNumber(2), o#E2Ujp42dQVMpdgCw1saimdd1yNmARr6QqszqSKGn9evs), (0x0000000000000000000000000000000000000000000000000000000000000003, SequenceNumber(2), o#Eu4684neuXfPv5Akp373SgEje48gLekdJLUDN4oJhYnB), (0x000000000000000000000000000000000000000000000000000000000000dee9, SequenceNumber(2), o#G1WWUi2cRjhSMHxW1U5C9D9av2qjeZvfg9MTDmuLeVfT), (0x000000000000000000000000000000000000000000000000000000000000000b, SequenceNumber(2), o#DLb4EHKhzPoN6KZ6yqmYmCDdFTtDz37GEWPuWBpHku2s)] }) }
2024-11-25T11:09:07.106318Z  INFO jwk_updater_task{epoch=0}: pera_node: Submitting JWK to consensus: JwkId { iss: "https://accounts.google.com", kid: "d9740a70b0972dccf75fa88bc529bd16a30573bd" }
2024-11-25T11:09:07.106411Z  INFO jwk_updater_task{epoch=0}: pera_node: Submitting JWK to consensus: JwkId { iss: "https://accounts.google.com", kid: "3628258601113e6576a45337365fe8b8973d1671" }
2024-11-25T11:09:07.133778Z  INFO jwk_updater_task{epoch=0}: pera_node: Submitting JWK to consensus: JwkId { iss: "https://oauth.sui.io", kid: "sui-key-id" }
2024-11-25T11:09:07.151983Z  INFO jwk_updater_task{epoch=0}: pera_node: Submitting JWK to consensus: JwkId { iss: "https://accounts.google.com", kid: "d9740a70b0972dccf75fa88bc529bd16a30573bd" }
2024-11-25T11:09:07.152061Z  INFO jwk_updater_task{epoch=0}: pera_node: Submitting JWK to consensus: JwkId { iss: "https://accounts.google.com", kid: "3628258601113e6576a45337365fe8b8973d1671" }
2024-11-25T11:09:07.166957Z  INFO jwk_updater_task{epoch=0}: pera_node: Submitting JWK to consensus: JwkId { iss: "https://oauth.sui.io", kid: "sui-key-id" }
2024-11-25T11:09:07.247693Z  INFO jwk_updater_task{epoch=0}: pera_node: Submitting JWK to consensus: JwkId { iss: "https://login.microsoftonline.com/v2.0", kid: "3PaK4EfyBNQu3CtjYsa3YmhQ5E0" }
2024-11-25T11:09:07.247739Z  INFO jwk_updater_task{epoch=0}: pera_node: Submitting JWK to consensus: JwkId { iss: "https://oauth.sui.io", kid: "sui-key-id" }
2024-11-25T11:09:07.247755Z  INFO jwk_updater_task{epoch=0}: pera_node: Submitting JWK to consensus: JwkId { iss: "https://login.microsoftonline.com/v2.0", kid: "k8kbXTgyy1QKJ54n61Qg3OldE_E" }
2024-11-25T11:09:07.247792Z  INFO jwk_updater_task{epoch=0}: pera_node: Submitting JWK to consensus: JwkId { iss: "https://login.microsoftonline.com/v2.0", kid: "zxeg2WONpTkwN5GmeYcuTdtC6J0" }
2024-11-25T11:09:07.247828Z  INFO jwk_updater_task{epoch=0}: pera_node: Submitting JWK to consensus: JwkId { iss: "https://login.microsoftonline.com/v2.0", kid: "JBcrsrKJkcQB9HQF5wBfXN_pYcE" }
2024-11-25T11:09:07.247870Z  INFO jwk_updater_task{epoch=0}: pera_node: Submitting JWK to consensus: JwkId { iss: "https://login.microsoftonline.com/v2.0", kid: "RIT15NfQKEtO52Tt3FFujrvMbBk" }
2024-11-25T11:09:07.247904Z  INFO jwk_updater_task{epoch=0}: pera_node: Submitting JWK to consensus: JwkId { iss: "https://login.microsoftonline.com/v2.0", kid: "dYrMsrr-BJK6HS7A0SdaxeDHkGI" }
2024-11-25T11:09:07.247939Z  INFO jwk_updater_task{epoch=0}: pera_node: Submitting JWK to consensus: JwkId { iss: "https://login.microsoftonline.com/v2.0", kid: "MBAgzA7d8bs20uMGX8YEUdaQbbg" }
2024-11-25T11:09:07.247977Z  INFO jwk_updater_task{epoch=0}: pera_node: Submitting JWK to consensus: JwkId { iss: "https://login.microsoftonline.com/v2.0", kid: "Mcx1jN8-euQbJmFKYWHZnyqxQNE" }
2024-11-25T11:09:07.249731Z  INFO jwk_updater_task{epoch=0}: pera_node: Submitting JWK to consensus: JwkId { iss: "https://slack.com", kid: "mB2MAyKSn555isd0EbdhKx6nkyAi9xLq8rvCEb_nOyY" }
2024-11-25T11:09:07.270834Z  INFO jwk_updater_task{epoch=0}: pera_node: Submitting JWK to consensus: JwkId { iss: "https://cognito-idp.us-east-1.amazonaws.com/us-east-1_LPSLCkC3A", kid: "kF4FeN4zd6VNYDAdxDFa4/qjqjMKoonryYZuKTN76dE=" }
2024-11-25T11:09:07.270898Z  INFO jwk_updater_task{epoch=0}: pera_node: Submitting JWK to consensus: JwkId { iss: "https://cognito-idp.us-east-1.amazonaws.com/us-east-1_LPSLCkC3A", kid: "sxqVQdG09dkRWh1ww+sYHRoGgjMVcKtRZJqdABG1/Wc=" }
2024-11-25T11:09:07.271150Z  INFO jwk_updater_task{epoch=0}: pera_node: Submitting JWK to consensus: JwkId { iss: "https://www.facebook.com", kid: "b3640b9b866a7e3a367618caf49be20c85c00647" }
2024-11-25T11:09:07.271190Z  INFO jwk_updater_task{epoch=0}: pera_node: Submitting JWK to consensus: JwkId { iss: "https://www.facebook.com", kid: "dcd214c095176e06454dfe832254b0cde52b6052" }
2024-11-25T11:09:07.295133Z  INFO jwk_updater_task{epoch=0}: pera_node: Submitting JWK to consensus: JwkId { iss: "https://oauth.sui.io", kid: "sui-key-id" }
2024-11-25T11:09:07.300360Z  INFO jwk_updater_task{epoch=0}: pera_node: Submitting JWK to consensus: JwkId { iss: "https://login.microsoftonline.com/v2.0", kid: "3PaK4EfyBNQu3CtjYsa3YmhQ5E0" }
2024-11-25T11:09:07.300414Z  INFO jwk_updater_task{epoch=0}: pera_node: Submitting JWK to consensus: JwkId { iss: "https://login.microsoftonline.com/v2.0", kid: "k8kbXTgyy1QKJ54n61Qg3OldE_E" }
2024-11-25T11:09:07.300455Z  INFO jwk_updater_task{epoch=0}: pera_node: Submitting JWK to consensus: JwkId { iss: "https://login.microsoftonline.com/v2.0", kid: "zxeg2WONpTkwN5GmeYcuTdtC6J0" }
2024-11-25T11:09:07.300497Z  INFO jwk_updater_task{epoch=0}: pera_node: Submitting JWK to consensus: JwkId { iss: "https://login.microsoftonline.com/v2.0", kid: "JBcrsrKJkcQB9HQF5wBfXN_pYcE" }
2024-11-25T11:09:07.300535Z  INFO jwk_updater_task{epoch=0}: pera_node: Submitting JWK to consensus: JwkId { iss: "https://login.microsoftonline.com/v2.0", kid: "RIT15NfQKEtO52Tt3FFujrvMbBk" }
2024-11-25T11:09:07.300572Z  INFO jwk_updater_task{epoch=0}: pera_node: Submitting JWK to consensus: JwkId { iss: "https://login.microsoftonline.com/v2.0", kid: "dYrMsrr-BJK6HS7A0SdaxeDHkGI" }
2024-11-25T11:09:07.300617Z  INFO jwk_updater_task{epoch=0}: pera_node: Submitting JWK to consensus: JwkId { iss: "https://login.microsoftonline.com/v2.0", kid: "MBAgzA7d8bs20uMGX8YEUdaQbbg" }
2024-11-25T11:09:07.300653Z  INFO jwk_updater_task{epoch=0}: pera_node: Submitting JWK to consensus: JwkId { iss: "https://login.microsoftonline.com/v2.0", kid: "Mcx1jN8-euQbJmFKYWHZnyqxQNE" }
2024-11-25T11:09:07.300829Z  INFO jwk_updater_task{epoch=0}: pera_node: Submitting JWK to consensus: JwkId { iss: "https://slack.com", kid: "mB2MAyKSn555isd0EbdhKx6nkyAi9xLq8rvCEb_nOyY" }
2024-11-25T11:09:07.305791Z  INFO jwk_updater_task{epoch=0}: pera_node: Submitting JWK to consensus: JwkId { iss: "https://cognito-idp.us-east-1.amazonaws.com/us-east-1_qPsZxYqd8", kid: "VHA/vY1d2h7X33DpZ6ZBDRfnCS/OIgiV7toCdxyEUDY=" }
2024-11-25T11:09:07.305854Z  INFO jwk_updater_task{epoch=0}: pera_node: Submitting JWK to consensus: JwkId { iss: "https://cognito-idp.us-east-1.amazonaws.com/us-east-1_qPsZxYqd8", kid: "lGbuLXh42ChSJwrMUEBO2npnvMzdAHqOj6DNZieDuVA=" }
2024-11-25T11:09:07.307845Z  INFO jwk_updater_task{epoch=0}: pera_node: Submitting JWK to consensus: JwkId { iss: "https://cognito-idp.us-east-1.amazonaws.com/us-east-1_qPsZxYqd8", kid: "VHA/vY1d2h7X33DpZ6ZBDRfnCS/OIgiV7toCdxyEUDY=" }
2024-11-25T11:09:07.307909Z  INFO jwk_updater_task{epoch=0}: pera_node: Submitting JWK to consensus: JwkId { iss: "https://cognito-idp.us-east-1.amazonaws.com/us-east-1_qPsZxYqd8", kid: "lGbuLXh42ChSJwrMUEBO2npnvMzdAHqOj6DNZieDuVA=" }
2024-11-25T11:09:07.315100Z  INFO jwk_updater_task{epoch=0}: pera_node: Submitting JWK to consensus: JwkId { iss: "https://www.facebook.com", kid: "b3640b9b866a7e3a367618caf49be20c85c00647" }
2024-11-25T11:09:07.315149Z  INFO jwk_updater_task{epoch=0}: pera_node: Submitting JWK to consensus: JwkId { iss: "https://www.facebook.com", kid: "dcd214c095176e06454dfe832254b0cde52b6052" }
2024-11-25T11:09:07.349945Z  INFO jwk_updater_task{epoch=0}: pera_node: Submitting JWK to consensus: JwkId { iss: "https://cognito-idp.us-east-1.amazonaws.com/us-east-1_LPSLCkC3A", kid: "kF4FeN4zd6VNYDAdxDFa4/qjqjMKoonryYZuKTN76dE=" }
2024-11-25T11:09:07.350018Z  INFO jwk_updater_task{epoch=0}: pera_node: Submitting JWK to consensus: JwkId { iss: "https://cognito-idp.us-east-1.amazonaws.com/us-east-1_LPSLCkC3A", kid: "sxqVQdG09dkRWh1ww+sYHRoGgjMVcKtRZJqdABG1/Wc=" }
2024-11-25T11:09:07.354919Z  INFO jwk_updater_task{epoch=0}: pera_node: Submitting JWK to consensus: JwkId { iss: "https://www.facebook.com", kid: "b3640b9b866a7e3a367618caf49be20c85c00647" }
2024-11-25T11:09:07.354988Z  INFO jwk_updater_task{epoch=0}: pera_node: Submitting JWK to consensus: JwkId { iss: "https://www.facebook.com", kid: "dcd214c095176e06454dfe832254b0cde52b6052" }
2024-11-25T11:09:07.355800Z  INFO jwk_updater_task{epoch=0}: pera_node: Submitting JWK to consensus: JwkId { iss: "https://login.microsoftonline.com/v2.0", kid: "3PaK4EfyBNQu3CtjYsa3YmhQ5E0" }
2024-11-25T11:09:07.355849Z  INFO jwk_updater_task{epoch=0}: pera_node: Submitting JWK to consensus: JwkId { iss: "https://login.microsoftonline.com/v2.0", kid: "k8kbXTgyy1QKJ54n61Qg3OldE_E" }
2024-11-25T11:09:07.355894Z  INFO jwk_updater_task{epoch=0}: pera_node: Submitting JWK to consensus: JwkId { iss: "https://login.microsoftonline.com/v2.0", kid: "zxeg2WONpTkwN5GmeYcuTdtC6J0" }
2024-11-25T11:09:07.355948Z  INFO jwk_updater_task{epoch=0}: pera_node: Submitting JWK to consensus: JwkId { iss: "https://login.microsoftonline.com/v2.0", kid: "JBcrsrKJkcQB9HQF5wBfXN_pYcE" }
2024-11-25T11:09:07.355987Z  INFO jwk_updater_task{epoch=0}: pera_node: Submitting JWK to consensus: JwkId { iss: "https://login.microsoftonline.com/v2.0", kid: "RIT15NfQKEtO52Tt3FFujrvMbBk" }
2024-11-25T11:09:07.356024Z  INFO jwk_updater_task{epoch=0}: pera_node: Submitting JWK to consensus: JwkId { iss: "https://login.microsoftonline.com/v2.0", kid: "dYrMsrr-BJK6HS7A0SdaxeDHkGI" }
2024-11-25T11:09:07.356064Z  INFO jwk_updater_task{epoch=0}: pera_node: Submitting JWK to consensus: JwkId { iss: "https://login.microsoftonline.com/v2.0", kid: "MBAgzA7d8bs20uMGX8YEUdaQbbg" }
2024-11-25T11:09:07.356103Z  INFO jwk_updater_task{epoch=0}: pera_node: Submitting JWK to consensus: JwkId { iss: "https://login.microsoftonline.com/v2.0", kid: "Mcx1jN8-euQbJmFKYWHZnyqxQNE" }
2024-11-25T11:09:07.358269Z  INFO jwk_updater_task{epoch=0}: pera_node: Submitting JWK to consensus: JwkId { iss: "https://slack.com", kid: "mB2MAyKSn555isd0EbdhKx6nkyAi9xLq8rvCEb_nOyY" }
2024-11-25T11:09:07.400734Z  INFO jwk_updater_task{epoch=0}: pera_node: Submitting JWK to consensus: JwkId { iss: "https://login.microsoftonline.com/v2.0", kid: "k8kbXTgyy1QKJ54n61Qg3OldE_E" }
2024-11-25T11:09:07.400797Z  INFO jwk_updater_task{epoch=0}: pera_node: Submitting JWK to consensus: JwkId { iss: "https://login.microsoftonline.com/v2.0", kid: "zxeg2WONpTkwN5GmeYcuTdtC6J0" }
2024-11-25T11:09:07.400836Z  INFO jwk_updater_task{epoch=0}: pera_node: Submitting JWK to consensus: JwkId { iss: "https://login.microsoftonline.com/v2.0", kid: "JBcrsrKJkcQB9HQF5wBfXN_pYcE" }
2024-11-25T11:09:07.400873Z  INFO jwk_updater_task{epoch=0}: pera_node: Submitting JWK to consensus: JwkId { iss: "https://login.microsoftonline.com/v2.0", kid: "RIT15NfQKEtO52Tt3FFujrvMbBk" }
2024-11-25T11:09:07.400915Z  INFO jwk_updater_task{epoch=0}: pera_node: Submitting JWK to consensus: JwkId { iss: "https://login.microsoftonline.com/v2.0", kid: "dYrMsrr-BJK6HS7A0SdaxeDHkGI" }
2024-11-25T11:09:07.400952Z  INFO jwk_updater_task{epoch=0}: pera_node: Submitting JWK to consensus: JwkId { iss: "https://login.microsoftonline.com/v2.0", kid: "MBAgzA7d8bs20uMGX8YEUdaQbbg" }
2024-11-25T11:09:07.400987Z  INFO jwk_updater_task{epoch=0}: pera_node: Submitting JWK to consensus: JwkId { iss: "https://login.microsoftonline.com/v2.0", kid: "Mcx1jN8-euQbJmFKYWHZnyqxQNE" }
2024-11-25T11:09:07.401394Z  INFO jwk_updater_task{epoch=0}: pera_node: Submitting JWK to consensus: JwkId { iss: "https://cognito-idp.us-east-1.amazonaws.com/us-east-1_LPSLCkC3A", kid: "kF4FeN4zd6VNYDAdxDFa4/qjqjMKoonryYZuKTN76dE=" }
2024-11-25T11:09:07.401456Z  INFO jwk_updater_task{epoch=0}: pera_node: Submitting JWK to consensus: JwkId { iss: "https://cognito-idp.us-east-1.amazonaws.com/us-east-1_LPSLCkC3A", kid: "sxqVQdG09dkRWh1ww+sYHRoGgjMVcKtRZJqdABG1/Wc=" }
2024-11-25T11:09:07.405679Z  INFO jwk_updater_task{epoch=0}: pera_node: Submitting JWK to consensus: JwkId { iss: "https://cognito-idp.us-east-1.amazonaws.com/us-east-1_qPsZxYqd8", kid: "VHA/vY1d2h7X33DpZ6ZBDRfnCS/OIgiV7toCdxyEUDY=" }
2024-11-25T11:09:07.405731Z  INFO jwk_updater_task{epoch=0}: pera_node: Submitting JWK to consensus: JwkId { iss: "https://cognito-idp.us-east-1.amazonaws.com/us-east-1_qPsZxYqd8", kid: "lGbuLXh42ChSJwrMUEBO2npnvMzdAHqOj6DNZieDuVA=" }
2024-11-25T11:09:07.406696Z  INFO jwk_updater_task{epoch=0}: pera_node: Submitting JWK to consensus: JwkId { iss: "https://cognito-idp.us-east-1.amazonaws.com/us-east-1_qPsZxYqd8", kid: "VHA/vY1d2h7X33DpZ6ZBDRfnCS/OIgiV7toCdxyEUDY=" }
2024-11-25T11:09:07.406757Z  INFO jwk_updater_task{epoch=0}: pera_node: Submitting JWK to consensus: JwkId { iss: "https://cognito-idp.us-east-1.amazonaws.com/us-east-1_qPsZxYqd8", kid: "lGbuLXh42ChSJwrMUEBO2npnvMzdAHqOj6DNZieDuVA=" }
2024-11-25T11:09:07.415411Z  INFO jwk_updater_task{epoch=0}: pera_node: Submitting JWK to consensus: JwkId { iss: "https://www.facebook.com", kid: "b3640b9b866a7e3a367618caf49be20c85c00647" }
2024-11-25T11:09:07.415454Z  INFO jwk_updater_task{epoch=0}: pera_node: Submitting JWK to consensus: JwkId { iss: "https://www.facebook.com", kid: "dcd214c095176e06454dfe832254b0cde52b6052" }
2024-11-25T11:09:07.417961Z  INFO jwk_updater_task{epoch=0}: pera_node: Submitting JWK to consensus: JwkId { iss: "https://slack.com", kid: "mB2MAyKSn555isd0EbdhKx6nkyAi9xLq8rvCEb_nOyY" }
2024-11-25T11:09:07.420801Z  INFO jwk_updater_task{epoch=0}: pera_node: Submitting JWK to consensus: JwkId { iss: "https://cognito-idp.us-east-1.amazonaws.com/us-east-1_LPSLCkC3A", kid: "kF4FeN4zd6VNYDAdxDFa4/qjqjMKoonryYZuKTN76dE=" }
2024-11-25T11:09:07.420848Z  INFO jwk_updater_task{epoch=0}: pera_node: Submitting JWK to consensus: JwkId { iss: "https://cognito-idp.us-east-1.amazonaws.com/us-east-1_LPSLCkC3A", kid: "sxqVQdG09dkRWh1ww+sYHRoGgjMVcKtRZJqdABG1/Wc=" }
2024-11-25T11:09:07.513410Z  INFO jwk_updater_task{epoch=0}: pera_node: Submitting JWK to consensus: JwkId { iss: "https://accounts.karrier.one/", kid: "B65FDCAA152E04ADE817314CF6A06F4ECABF4CFB" }
2024-11-25T11:09:07.514096Z  INFO jwk_updater_task{epoch=0}: pera_node: Submitting JWK to consensus: JwkId { iss: "https://accounts.karrier.one/", kid: "B65FDCAA152E04ADE817314CF6A06F4ECABF4CFB" }
2024-11-25T11:09:07.549584Z  INFO jwk_updater_task{epoch=0}: pera_node: Submitting JWK to consensus: JwkId { iss: "https://accounts.karrier.one/", kid: "B65FDCAA152E04ADE817314CF6A06F4ECABF4CFB" }
2024-11-25T11:09:07.549688Z  INFO jwk_updater_task{epoch=0}: pera_node: Submitting JWK to consensus: JwkId { iss: "https://accounts.credenza3.com", kid: "JG6oZkIBqQdkpnCnD479zFXgMA5_I7i-aHAV0MRwvDs" }
2024-11-25T11:09:07.549737Z  INFO jwk_updater_task{epoch=0}: pera_node: Submitting JWK to consensus: JwkId { iss: "https://accounts.credenza3.com", kid: "nArTrOCdn42U6zyzuZmxBIGAuYQaNyuHwUkAycsQTw8" }
2024-11-25T11:09:07.550001Z  INFO jwk_updater_task{epoch=0}: pera_node: Submitting JWK to consensus: JwkId { iss: "https://accounts.credenza3.com", kid: "JG6oZkIBqQdkpnCnD479zFXgMA5_I7i-aHAV0MRwvDs" }
2024-11-25T11:09:07.550050Z  INFO jwk_updater_task{epoch=0}: pera_node: Submitting JWK to consensus: JwkId { iss: "https://accounts.credenza3.com", kid: "nArTrOCdn42U6zyzuZmxBIGAuYQaNyuHwUkAycsQTw8" }
2024-11-25T11:09:07.559798Z  INFO jwk_updater_task{epoch=0}: pera_node: Submitting JWK to consensus: JwkId { iss: "https://accounts.karrier.one/", kid: "B65FDCAA152E04ADE817314CF6A06F4ECABF4CFB" }
2024-11-25T11:09:07.605840Z  INFO jwk_updater_task{epoch=0}: pera_node: Submitting JWK to consensus: JwkId { iss: "https://appleid.apple.com", kid: "dMlERBaFdK" }
2024-11-25T11:09:07.605897Z  INFO jwk_updater_task{epoch=0}: pera_node: Submitting JWK to consensus: JwkId { iss: "https://appleid.apple.com", kid: "T8tIJ1zSrO" }
2024-11-25T11:09:07.605933Z  INFO jwk_updater_task{epoch=0}: pera_node: Submitting JWK to consensus: JwkId { iss: "https://appleid.apple.com", kid: "FftONTxoEg" }
2024-11-25T11:09:07.605969Z  INFO jwk_updater_task{epoch=0}: pera_node: Submitting JWK to consensus: JwkId { iss: "https://appleid.apple.com", kid: "rBRfVmqsjn" }
2024-11-25T11:09:07.606006Z  INFO jwk_updater_task{epoch=0}: pera_node: Submitting JWK to consensus: JwkId { iss: "https://appleid.apple.com", kid: "pggnQeNCOU" }
2024-11-25T11:09:07.668793Z  INFO jwk_updater_task{epoch=0}: pera_node: Submitting JWK to consensus: JwkId { iss: "https://accounts.credenza3.com", kid: "JG6oZkIBqQdkpnCnD479zFXgMA5_I7i-aHAV0MRwvDs" }
2024-11-25T11:09:07.668860Z  INFO jwk_updater_task{epoch=0}: pera_node: Submitting JWK to consensus: JwkId { iss: "https://accounts.credenza3.com", kid: "nArTrOCdn42U6zyzuZmxBIGAuYQaNyuHwUkAycsQTw8" }
2024-11-25T11:09:07.669201Z  INFO jwk_updater_task{epoch=0}: pera_node: Submitting JWK to consensus: JwkId { iss: "https://accounts.credenza3.com", kid: "JG6oZkIBqQdkpnCnD479zFXgMA5_I7i-aHAV0MRwvDs" }
2024-11-25T11:09:07.669259Z  INFO jwk_updater_task{epoch=0}: pera_node: Submitting JWK to consensus: JwkId { iss: "https://accounts.credenza3.com", kid: "nArTrOCdn42U6zyzuZmxBIGAuYQaNyuHwUkAycsQTw8" }
2024-11-25T11:09:07.761438Z  INFO jwk_updater_task{epoch=0}: pera_node: Submitting JWK to consensus: JwkId { iss: "https://appleid.apple.com", kid: "rBRfVmqsjn" }
2024-11-25T11:09:07.761506Z  INFO jwk_updater_task{epoch=0}: pera_node: Submitting JWK to consensus: JwkId { iss: "https://appleid.apple.com", kid: "pggnQeNCOU" }
2024-11-25T11:09:07.761549Z  INFO jwk_updater_task{epoch=0}: pera_node: Submitting JWK to consensus: JwkId { iss: "https://appleid.apple.com", kid: "dMlERBaFdK" }
2024-11-25T11:09:07.761590Z  INFO jwk_updater_task{epoch=0}: pera_node: Submitting JWK to consensus: JwkId { iss: "https://appleid.apple.com", kid: "FftONTxoEg" }
2024-11-25T11:09:07.761630Z  INFO jwk_updater_task{epoch=0}: pera_node: Submitting JWK to consensus: JwkId { iss: "https://appleid.apple.com", kid: "T8tIJ1zSrO" }
2024-11-25T11:09:07.798437Z  INFO jwk_updater_task{epoch=0}: pera_node: Submitting JWK to consensus: JwkId { iss: "https://appleid.apple.com", kid: "T8tIJ1zSrO" }
2024-11-25T11:09:07.798497Z  INFO jwk_updater_task{epoch=0}: pera_node: Submitting JWK to consensus: JwkId { iss: "https://appleid.apple.com", kid: "pggnQeNCOU" }
2024-11-25T11:09:07.798539Z  INFO jwk_updater_task{epoch=0}: pera_node: Submitting JWK to consensus: JwkId { iss: "https://appleid.apple.com", kid: "rBRfVmqsjn" }
2024-11-25T11:09:07.798581Z  INFO jwk_updater_task{epoch=0}: pera_node: Submitting JWK to consensus: JwkId { iss: "https://appleid.apple.com", kid: "dMlERBaFdK" }
2024-11-25T11:09:07.798625Z  INFO jwk_updater_task{epoch=0}: pera_node: Submitting JWK to consensus: JwkId { iss: "https://appleid.apple.com", kid: "FftONTxoEg" }
2024-11-25T11:09:07.816465Z  INFO jwk_updater_task{epoch=0}: pera_node: Submitting JWK to consensus: JwkId { iss: "https://id.twitch.tv/oauth2", kid: "1" }
2024-11-25T11:09:07.962390Z  INFO jwk_updater_task{epoch=0}: pera_node: Submitting JWK to consensus: JwkId { iss: "https://kauth.kakao.com", kid: "3f96980381e451efad0d2ddd30e3d3" }
2024-11-25T11:09:07.962461Z  INFO jwk_updater_task{epoch=0}: pera_node: Submitting JWK to consensus: JwkId { iss: "https://kauth.kakao.com", kid: "9f252dadd5f233f93d2fa528d12fea" }
2024-11-25T11:09:07.962795Z  INFO jwk_updater_task{epoch=0}: pera_node: Submitting JWK to consensus: JwkId { iss: "https://appleid.apple.com", kid: "rBRfVmqsjn" }
2024-11-25T11:09:07.962866Z  INFO jwk_updater_task{epoch=0}: pera_node: Submitting JWK to consensus: JwkId { iss: "https://appleid.apple.com", kid: "dMlERBaFdK" }
2024-11-25T11:09:07.962909Z  INFO jwk_updater_task{epoch=0}: pera_node: Submitting JWK to consensus: JwkId { iss: "https://appleid.apple.com", kid: "T8tIJ1zSrO" }
2024-11-25T11:09:07.962949Z  INFO jwk_updater_task{epoch=0}: pera_node: Submitting JWK to consensus: JwkId { iss: "https://appleid.apple.com", kid: "FftONTxoEg" }
2024-11-25T11:09:07.962989Z  INFO jwk_updater_task{epoch=0}: pera_node: Submitting JWK to consensus: JwkId { iss: "https://appleid.apple.com", kid: "pggnQeNCOU" }
2024-11-25T11:09:07.963218Z  INFO jwk_updater_task{epoch=0}: pera_node: Submitting JWK to consensus: JwkId { iss: "https://kauth.kakao.com", kid: "3f96980381e451efad0d2ddd30e3d3" }
2024-11-25T11:09:07.963256Z  INFO jwk_updater_task{epoch=0}: pera_node: Submitting JWK to consensus: JwkId { iss: "https://kauth.kakao.com", kid: "9f252dadd5f233f93d2fa528d12fea" }
2024-11-25T11:09:07.998560Z  INFO jwk_updater_task{epoch=0}: pera_node: Submitting JWK to consensus: JwkId { iss: "https://kauth.kakao.com", kid: "3f96980381e451efad0d2ddd30e3d3" }
2024-11-25T11:09:07.998602Z  INFO jwk_updater_task{epoch=0}: pera_node: Submitting JWK to consensus: JwkId { iss: "https://id.twitch.tv/oauth2", kid: "1" }
2024-11-25T11:09:07.998637Z  INFO jwk_updater_task{epoch=0}: pera_node: Submitting JWK to consensus: JwkId { iss: "https://kauth.kakao.com", kid: "9f252dadd5f233f93d2fa528d12fea" }
2024-11-25T11:09:07.998699Z  INFO jwk_updater_task{epoch=0}: pera_node: Submitting JWK to consensus: JwkId { iss: "https://id.twitch.tv/oauth2", kid: "1" }
2024-11-25T11:09:07.999274Z  INFO jwk_updater_task{epoch=0}: pera_node: Submitting JWK to consensus: JwkId { iss: "https://id.twitch.tv/oauth2", kid: "1" }
2024-11-25T11:09:08.106735Z  INFO jwk_updater_task{epoch=0}: pera_node: Submitting JWK to consensus: JwkId { iss: "https://kauth.kakao.com", kid: "3f96980381e451efad0d2ddd30e3d3" }
2024-11-25T11:09:08.106789Z  INFO jwk_updater_task{epoch=0}: pera_node: Submitting JWK to consensus: JwkId { iss: "https://kauth.kakao.com", kid: "9f252dadd5f233f93d2fa528d12fea" }
2024-11-25T11:09:11.393235Z ERROR pera::pera_commands: sum=67
2024-11-25T11:09:11.393275Z ERROR pera::pera_commands: Stopping node 3
